{"C:\\My Personal Projects\\Microverse\\week_21\\egyptian-food-world\\src\\commentsCounter.js": {"path":"C:\\My Personal Projects\\Microverse\\week_21\\egyptian-food-world\\src\\commentsCounter.js","statementMap":{"0":{"start":{"line":1,"column":24},"end":{"line":16,"column":1}},"1":{"start":{"line":2,"column":28},"end":{"line":2,"column":63}},"2":{"start":{"line":3,"column":2},"end":{"line":15,"column":75}},"3":{"start":{"line":4,"column":4},"end":{"line":4,"column":66}},"4":{"start":{"line":5,"column":4},"end":{"line":13,"column":7}},"5":{"start":{"line":6,"column":6},"end":{"line":12,"column":8}},"6":{"start":{"line":14,"column":4},"end":{"line":14,"column":71}},"7":{"start":{"line":14,"column":29},"end":{"line":14,"column":71}},"8":{"start":{"line":15,"column":9},"end":{"line":15,"column":75}}},"fnMap":{"0":{"name":"(anonymous_0)","decl":{"start":{"line":1,"column":24},"end":{"line":1,"column":25}},"loc":{"start":{"line":1,"column":38},"end":{"line":16,"column":1}},"line":1},"1":{"name":"(anonymous_1)","decl":{"start":{"line":5,"column":31},"end":{"line":5,"column":32}},"loc":{"start":{"line":5,"column":44},"end":{"line":13,"column":5}},"line":5}},"branchMap":{"0":{"loc":{"start":{"line":3,"column":2},"end":{"line":15,"column":75}},"type":"if","locations":[{"start":{"line":3,"column":2},"end":{"line":15,"column":75}},{"start":{"line":3,"column":2},"end":{"line":15,"column":75}}],"line":3},"1":{"loc":{"start":{"line":14,"column":4},"end":{"line":14,"column":71}},"type":"if","locations":[{"start":{"line":14,"column":4},"end":{"line":14,"column":71}},{"start":{"line":14,"column":4},"end":{"line":14,"column":71}}],"line":14}},"s":{"0":1,"1":2,"2":2,"3":1,"4":1,"5":3,"6":1,"7":1,"8":1},"f":{"0":2,"1":3},"b":{"0":[1,1],"1":[1,0]},"_coverageSchema":"1a1c01bbd47fc00a2c39e90264f33305004495a9","hash":"a53549eb9d3c8122efbe126c02be1dee557eaaad"}
,"C:\\My Personal Projects\\Microverse\\week_21\\egyptian-food-world\\src\\homepage.js": {"path":"C:\\My Personal Projects\\Microverse\\week_21\\egyptian-food-world\\src\\homepage.js","statementMap":{"0":{"start":{"line":7,"column":2},"end":{"line":7,"column":70}},"1":{"start":{"line":11,"column":2},"end":{"line":26,"column":3}},"2":{"start":{"line":13,"column":20},"end":{"line":13,"column":74}},"3":{"start":{"line":13,"column":46},"end":{"line":13,"column":73}},"4":{"start":{"line":14,"column":4},"end":{"line":18,"column":5}},"5":{"start":{"line":15,"column":6},"end":{"line":15,"column":31}},"6":{"start":{"line":17,"column":6},"end":{"line":17,"column":16}},"7":{"start":{"line":19,"column":20},"end":{"line":24,"column":5}},"8":{"start":{"line":25,"column":4},"end":{"line":25,"column":26}},"9":{"start":{"line":30,"column":23},"end":{"line":32,"column":3}},"10":{"start":{"line":33,"column":24},"end":{"line":33,"column":49}},"11":{"start":{"line":34,"column":28},"end":{"line":34,"column":47}},"12":{"start":{"line":35,"column":29},"end":{"line":37,"column":3}},"13":{"start":{"line":38,"column":33},"end":{"line":38,"column":64}},"14":{"start":{"line":39,"column":2},"end":{"line":39,"column":39}},"15":{"start":{"line":40,"column":2},"end":{"line":40,"column":63}},"16":{"start":{"line":43,"column":0},"end":{"line":43,"column":49}}},"fnMap":{"0":{"name":"updateMealsNumber","decl":{"start":{"line":6,"column":16},"end":{"line":6,"column":33}},"loc":{"start":{"line":6,"column":45},"end":{"line":8,"column":1}},"line":6},"1":{"name":"createMealsObject","decl":{"start":{"line":10,"column":9},"end":{"line":10,"column":26}},"loc":{"start":{"line":10,"column":49},"end":{"line":27,"column":1}},"line":10},"2":{"name":"(anonymous_2)","decl":{"start":{"line":13,"column":37},"end":{"line":13,"column":38}},"loc":{"start":{"line":13,"column":46},"end":{"line":13,"column":73}},"line":13},"3":{"name":"egyptianMeals","decl":{"start":{"line":29,"column":15},"end":{"line":29,"column":28}},"loc":{"start":{"line":29,"column":31},"end":{"line":41,"column":1}},"line":29}},"branchMap":{"0":{"loc":{"start":{"line":14,"column":4},"end":{"line":18,"column":5}},"type":"if","locations":[{"start":{"line":14,"column":4},"end":{"line":18,"column":5}},{"start":{"line":14,"column":4},"end":{"line":18,"column":5}}],"line":14}},"s":{"0":1,"1":0,"2":0,"3":0,"4":0,"5":0,"6":0,"7":0,"8":0,"9":1,"10":0,"11":0,"12":0,"13":0,"14":0,"15":0,"16":1},"f":{"0":1,"1":0,"2":0,"3":1},"b":{"0":[0,0]},"_coverageSchema":"1a1c01bbd47fc00a2c39e90264f33305004495a9","hash":"365d6b6de4f9e33f6b5b5c72dd62dff40ef71640"}
,"C:\\My Personal Projects\\Microverse\\week_21\\egyptian-food-world\\src\\meal.js": {"path":"C:\\My Personal Projects\\Microverse\\week_21\\egyptian-food-world\\src\\meal.js","statementMap":{"0":{"start":{"line":7,"column":19},"end":{"line":9,"column":3}},"1":{"start":{"line":11,"column":19},"end":{"line":11,"column":40}},"2":{"start":{"line":12,"column":23},"end":{"line":12,"column":58}},"3":{"start":{"line":13,"column":2},"end":{"line":13,"column":30}},"4":{"start":{"line":14,"column":16},"end":{"line":14,"column":44}},"5":{"start":{"line":15,"column":2},"end":{"line":15,"column":54}},"6":{"start":{"line":16,"column":13},"end":{"line":16,"column":42}},"7":{"start":{"line":17,"column":2},"end":{"line":17,"column":82}},"8":{"start":{"line":18,"column":2},"end":{"line":20,"column":5}},"9":{"start":{"line":19,"column":4},"end":{"line":19,"column":208}},"10":{"start":{"line":22,"column":2},"end":{"line":22,"column":29}},"11":{"start":{"line":23,"column":2},"end":{"line":23,"column":26}},"12":{"start":{"line":27,"column":19},"end":{"line":27,"column":54}},"13":{"start":{"line":28,"column":18},"end":{"line":28,"column":57}},"14":{"start":{"line":29,"column":2},"end":{"line":39,"column":4}},"15":{"start":{"line":40,"column":2},"end":{"line":40,"column":22}},"16":{"start":{"line":41,"column":2},"end":{"line":41,"column":21}},"17":{"start":{"line":43,"column":2},"end":{"line":43,"column":23}},"18":{"start":{"line":48,"column":4},"end":{"line":48,"column":21}},"19":{"start":{"line":49,"column":4},"end":{"line":49,"column":29}},"20":{"start":{"line":50,"column":4},"end":{"line":50,"column":17}},"21":{"start":{"line":51,"column":4},"end":{"line":51,"column":23}},"22":{"start":{"line":55,"column":27},"end":{"line":55,"column":69}},"23":{"start":{"line":56,"column":26},"end":{"line":56,"column":55}},"24":{"start":{"line":57,"column":4},"end":{"line":57,"column":72}},"25":{"start":{"line":59,"column":22},"end":{"line":59,"column":51}},"26":{"start":{"line":60,"column":4},"end":{"line":60,"column":49}},"27":{"start":{"line":61,"column":4},"end":{"line":61,"column":73}},"28":{"start":{"line":63,"column":27},"end":{"line":63,"column":56}},"29":{"start":{"line":64,"column":4},"end":{"line":64,"column":75}},"30":{"start":{"line":65,"column":21},"end":{"line":65,"column":49}},"31":{"start":{"line":66,"column":4},"end":{"line":66,"column":35}},"32":{"start":{"line":67,"column":4},"end":{"line":67,"column":37}},"33":{"start":{"line":68,"column":26},"end":{"line":68,"column":55}},"34":{"start":{"line":69,"column":4},"end":{"line":72,"column":6}},"35":{"start":{"line":73,"column":24},"end":{"line":73,"column":54}},"36":{"start":{"line":74,"column":4},"end":{"line":74,"column":50}},"37":{"start":{"line":75,"column":4},"end":{"line":75,"column":41}},"38":{"start":{"line":76,"column":17},"end":{"line":76,"column":44}},"39":{"start":{"line":77,"column":4},"end":{"line":77,"column":47}},"40":{"start":{"line":78,"column":4},"end":{"line":78,"column":37}},"41":{"start":{"line":79,"column":4},"end":{"line":79,"column":49}},"42":{"start":{"line":80,"column":4},"end":{"line":80,"column":43}},"43":{"start":{"line":81,"column":4},"end":{"line":81,"column":36}},"44":{"start":{"line":82,"column":4},"end":{"line":82,"column":41}},"45":{"start":{"line":83,"column":4},"end":{"line":83,"column":46}},"46":{"start":{"line":85,"column":25},"end":{"line":85,"column":54}},"47":{"start":{"line":86,"column":4},"end":{"line":86,"column":65}},"48":{"start":{"line":87,"column":16},"end":{"line":87,"column":48}},"49":{"start":{"line":88,"column":4},"end":{"line":88,"column":61}},"50":{"start":{"line":90,"column":4},"end":{"line":92,"column":49}},"51":{"start":{"line":93,"column":4},"end":{"line":93,"column":56}},"52":{"start":{"line":94,"column":4},"end":{"line":94,"column":36}},"53":{"start":{"line":96,"column":4},"end":{"line":96,"column":79}},"54":{"start":{"line":98,"column":4},"end":{"line":98,"column":33}},"55":{"start":{"line":99,"column":4},"end":{"line":99,"column":34}},"56":{"start":{"line":101,"column":4},"end":{"line":101,"column":41}},"57":{"start":{"line":102,"column":4},"end":{"line":102,"column":46}},"58":{"start":{"line":103,"column":4},"end":{"line":103,"column":44}},"59":{"start":{"line":105,"column":4},"end":{"line":105,"column":46}},"60":{"start":{"line":109,"column":4},"end":{"line":109,"column":68}},"61":{"start":{"line":113,"column":17},"end":{"line":115,"column":5}},"62":{"start":{"line":116,"column":17},"end":{"line":116,"column":54}},"63":{"start":{"line":117,"column":4},"end":{"line":117,"column":24}},"64":{"start":{"line":118,"column":21},"end":{"line":118,"column":38}},"65":{"start":{"line":119,"column":24},"end":{"line":119,"column":41}},"66":{"start":{"line":121,"column":16},"end":{"line":121,"column":45}},"67":{"start":{"line":123,"column":20},"end":{"line":123,"column":49}},"68":{"start":{"line":124,"column":4},"end":{"line":134,"column":6}},"69":{"start":{"line":136,"column":24},"end":{"line":136,"column":54}},"70":{"start":{"line":137,"column":4},"end":{"line":137,"column":83}},"71":{"start":{"line":138,"column":4},"end":{"line":143,"column":6}},"72":{"start":{"line":145,"column":21},"end":{"line":145,"column":50}},"73":{"start":{"line":146,"column":4},"end":{"line":146,"column":44}},"74":{"start":{"line":148,"column":4},"end":{"line":150,"column":56}},"75":{"start":{"line":151,"column":4},"end":{"line":151,"column":54}},"76":{"start":{"line":152,"column":4},"end":{"line":152,"column":61}},"77":{"start":{"line":154,"column":4},"end":{"line":154,"column":21}},"78":{"start":{"line":155,"column":4},"end":{"line":155,"column":25}},"79":{"start":{"line":156,"column":4},"end":{"line":156,"column":29}},"80":{"start":{"line":157,"column":4},"end":{"line":157,"column":26}},"81":{"start":{"line":159,"column":4},"end":{"line":164,"column":9}},"82":{"start":{"line":162,"column":8},"end":{"line":162,"column":31}},"83":{"start":{"line":163,"column":8},"end":{"line":163,"column":32}},"84":{"start":{"line":166,"column":4},"end":{"line":166,"column":69}},"85":{"start":{"line":167,"column":4},"end":{"line":167,"column":30}},"86":{"start":{"line":171,"column":19},"end":{"line":171,"column":26}},"87":{"start":{"line":172,"column":4},"end":{"line":172,"column":82}},"88":{"start":{"line":173,"column":17},"end":{"line":183,"column":5}}},"fnMap":{"0":{"name":"listComments","decl":{"start":{"line":6,"column":15},"end":{"line":6,"column":27}},"loc":{"start":{"line":6,"column":36},"end":{"line":24,"column":1}},"line":6},"1":{"name":"(anonymous_1)","decl":{"start":{"line":18,"column":15},"end":{"line":18,"column":16}},"loc":{"start":{"line":18,"column":28},"end":{"line":20,"column":3}},"line":18},"2":{"name":"addComment","decl":{"start":{"line":26,"column":15},"end":{"line":26,"column":25}},"loc":{"start":{"line":26,"column":34},"end":{"line":44,"column":1}},"line":26},"3":{"name":"(anonymous_3)","decl":{"start":{"line":47,"column":2},"end":{"line":47,"column":3}},"loc":{"start":{"line":47,"column":41},"end":{"line":52,"column":3}},"line":47},"4":{"name":"(anonymous_4)","decl":{"start":{"line":54,"column":2},"end":{"line":54,"column":3}},"loc":{"start":{"line":54,"column":16},"end":{"line":106,"column":3}},"line":54},"5":{"name":"(anonymous_5)","decl":{"start":{"line":108,"column":2},"end":{"line":108,"column":3}},"loc":{"start":{"line":108,"column":14},"end":{"line":110,"column":3}},"line":108},"6":{"name":"(anonymous_6)","decl":{"start":{"line":112,"column":2},"end":{"line":112,"column":3}},"loc":{"start":{"line":112,"column":32},"end":{"line":168,"column":3}},"line":112},"7":{"name":"(anonymous_7)","decl":{"start":{"line":161,"column":33},"end":{"line":161,"column":34}},"loc":{"start":{"line":161,"column":44},"end":{"line":164,"column":7}},"line":161},"8":{"name":"(anonymous_8)","decl":{"start":{"line":170,"column":2},"end":{"line":170,"column":3}},"loc":{"start":{"line":170,"column":18},"end":{"line":184,"column":3}},"line":170}},"branchMap":{},"s":{"0":0,"1":0,"2":0,"3":0,"4":0,"5":0,"6":0,"7":0,"8":0,"9":0,"10":0,"11":0,"12":0,"13":0,"14":0,"15":0,"16":0,"17":0,"18":0,"19":0,"20":0,"21":0,"22":0,"23":0,"24":0,"25":0,"26":0,"27":0,"28":0,"29":0,"30":0,"31":0,"32":0,"33":0,"34":0,"35":0,"36":0,"37":0,"38":0,"39":0,"40":0,"41":0,"42":0,"43":0,"44":0,"45":0,"46":0,"47":0,"48":0,"49":0,"50":0,"51":0,"52":0,"53":0,"54":0,"55":0,"56":0,"57":0,"58":0,"59":0,"60":0,"61":0,"62":0,"63":0,"64":0,"65":0,"66":0,"67":0,"68":0,"69":0,"70":0,"71":0,"72":0,"73":0,"74":0,"75":0,"76":0,"77":0,"78":0,"79":0,"80":0,"81":0,"82":0,"83":0,"84":0,"85":0,"86":0,"87":0,"88":0},"f":{"0":0,"1":0,"2":0,"3":0,"4":0,"5":0,"6":0,"7":0,"8":0},"b":{},"_coverageSchema":"1a1c01bbd47fc00a2c39e90264f33305004495a9","hash":"f983f10142bcb3ab0c94af945829a36d17edf7b0"}
}
